\BOOKMARK [1][-]{section*.5}{\376\377\000T\000E\000M\000A\000/\000T\000E\000M\000\301\000T\000I\000C\000A}{}% 1
\BOOKMARK [1][-]{section*.7}{\376\377\000T\000I\000T\000U\000L\000O\000\040\000P\000R\000O\000V\000I\000S\000I\000O\000N\000A\000L}{}% 2
\BOOKMARK [1][-]{section*.8}{\376\377\000P\000L\000A\000N\000T\000E\000A\000M\000I\000E\000N\000T\000O\000\040\000D\000E\000L\000\040\000P\000R\000O\000B\000L\000E\000M\000A}{}% 3
\BOOKMARK [2][-]{section*.9}{\376\377\000D\000E\000S\000C\000R\000I\000P\000C\000I\000\323\000N\000\040\000D\000E\000L\000\040\000P\000R\000O\000B\000L\000E\000M\000A}{section*.8}% 4
\BOOKMARK [3][-]{section*.10}{\376\377\000D\000i\000a\000g\000n\000o\000s\000t\000i\000c\000o}{section*.9}% 5
\BOOKMARK [3][-]{section*.11}{\376\377\000P\000r\000o\000n\000o\000s\000t\000i\000c\000o}{section*.9}% 6
\BOOKMARK [3][-]{section*.12}{\376\377\000C\000o\000n\000t\000r\000o\000l\000\040\000a\000l\000\040\000p\000r\000o\000n\000o\000s\000t\000i\000c\000o}{section*.9}% 7
\BOOKMARK [2][-]{section*.13}{\376\377\000F\000O\000R\000M\000U\000L\000A\000C\000I\000\323\000N\000\040\000D\000E\000L\000\040\000P\000R\000O\000B\000L\000E\000M\000A}{section*.8}% 8
\BOOKMARK [1][-]{section*.14}{\376\377\000O\000B\000J\000E\000T\000I\000V\000O\000S}{}% 9
\BOOKMARK [2][-]{section*.15}{\376\377\000O\000B\000J\000E\000T\000I\000V\000O\000\040\000G\000E\000N\000E\000R\000A\000L}{section*.14}% 10
\BOOKMARK [2][-]{section*.16}{\376\377\000O\000B\000J\000E\000T\000I\000V\000O\000S\000\040\000E\000S\000P\000E\000C\000\315\000F\000I\000C\000O\000S}{section*.14}% 11
\BOOKMARK [1][-]{section*.17}{\376\377\000J\000U\000S\000T\000I\000F\000I\000C\000A\000C\000I\000\323\000N}{}% 12
\BOOKMARK [1][-]{section*.18}{\376\377\000D\000E\000L\000I\000M\000I\000T\000A\000C\000I\000\323\000N\000\040\000Y\000\040\000A\000L\000C\000A\000N\000C\000E}{}% 13
\BOOKMARK [1][-]{section*.19}{\376\377\000M\000A\000R\000C\000O\000\040\000R\000E\000F\000E\000R\000E\000N\000C\000I\000A\000L}{}% 14
\BOOKMARK [2][-]{section*.20}{\376\377\000M\000A\000R\000C\000O\000\040\000T\000E\000\323\000R\000I\000C\000O}{section*.19}% 15
\BOOKMARK [2][-]{section*.21}{\376\377\000M\000A\000R\000C\000O\000\040\000C\000O\000N\000C\000E\000P\000T\000U\000A\000L}{section*.19}% 16
\BOOKMARK [2][-]{section*.22}{\376\377\000M\000A\000R\000C\000O\000\040\000L\000E\000G\000A\000L}{section*.19}% 17
\BOOKMARK [2][-]{section*.23}{\376\377\000M\000A\000R\000C\000O\000\040\000H\000I\000S\000T\000\323\000R\000I\000C\000O}{section*.19}% 18
\BOOKMARK [2][-]{section*.24}{\376\377\000M\000A\000R\000C\000O\000\040\000M\000E\000T\000O\000D\000O\000L\000\323\000G\000I\000C\000O}{section*.19}% 19
\BOOKMARK [1][-]{section*.25}{\376\377\000F\000U\000E\000N\000T\000E\000S\000\040\000D\000E\000\040\000I\000N\000F\000O\000R\000M\000A\000C\000I\000\323\000N}{}% 20
\BOOKMARK [1][-]{section*.26}{\376\377\000T\000I\000P\000O\000\040\000D\000E\000\040\000I\000N\000V\000E\000S\000T\000I\000G\000A\000C\000I\000\323\000N}{}% 21
\BOOKMARK [1][-]{section*.27}{\376\377\000C\000R\000O\000N\000O\000G\000R\000A\000M\000A}{}% 22
\BOOKMARK [1][-]{section*.28}{\376\377\000R\000E\000C\000U\000R\000S\000O\000S}{}% 23
\BOOKMARK [2][-]{section*.29}{\376\377\000R\000E\000C\000U\000R\000S\000O\000S\000\040\000H\000U\000M\000A\000N\000O\000S}{section*.28}% 24
\BOOKMARK [2][-]{section*.30}{\376\377\000R\000E\000C\000U\000R\000S\000O\000S\000\040\000F\000\315\000S\000I\000C\000O\000S}{section*.28}% 25
\BOOKMARK [2][-]{section*.31}{\376\377\000R\000E\000C\000U\000R\000S\000O\000S\000\040\000T\000E\000C\000N\000O\000L\000\323\000G\000I\000C\000O\000S}{section*.28}% 26
\BOOKMARK [1][-]{section*.32}{\376\377\000P\000R\000E\000S\000U\000P\000U\000E\000S\000T\000O}{}% 27
\BOOKMARK [1][-]{section*.33}{\376\377\000B\000I\000B\000L\000I\000O\000G\000R\000A\000F\000\315\000A}{}% 28
\BOOKMARK [1][-]{section*.35}{\376\377\000C\000O\000N\000C\000L\000U\000S\000I\000O\000N\000E\000S}{}% 29
